{"C:\\Users\\gasan\\learn-express\\index.js": {"path":"C:\\Users\\gasan\\learn-express\\index.js","statementMap":{"0":{"start":{"line":22,"column":12},"end":{"line":22,"column":21}},"1":{"start":{"line":24,"column":0},"end":{"line":65,"column":2}},"2":{"start":{"line":27,"column":4},"end":{"line":27,"column":19}},"3":{"start":{"line":29,"column":4},"end":{"line":29,"column":30}},"4":{"start":{"line":30,"column":4},"end":{"line":30,"column":35}},"5":{"start":{"line":33,"column":0},"end":{"line":37,"column":5}},"6":{"start":{"line":40,"column":16},"end":{"line":45,"column":4}},"7":{"start":{"line":46,"column":15},"end":{"line":46,"column":34}},"8":{"start":{"line":48,"column":0},"end":{"line":48,"column":35}},"9":{"start":{"line":49,"column":0},"end":{"line":49,"column":89}},"10":{"start":{"line":50,"column":0},"end":{"line":50,"column":38}},"11":{"start":{"line":51,"column":0},"end":{"line":51,"column":59}},"12":{"start":{"line":52,"column":0},"end":{"line":52,"column":60}},"13":{"start":{"line":53,"column":0},"end":{"line":53,"column":48}},"14":{"start":{"line":54,"column":0},"end":{"line":54,"column":55}},"15":{"start":{"line":55,"column":0},"end":{"line":55,"column":64}},"16":{"start":{"line":56,"column":0},"end":{"line":56,"column":52}},"17":{"start":{"line":57,"column":0},"end":{"line":57,"column":53}},"18":{"start":{"line":58,"column":0},"end":{"line":58,"column":65}},"19":{"start":{"line":59,"column":0},"end":{"line":59,"column":51}},"20":{"start":{"line":60,"column":0},"end":{"line":60,"column":71}},"21":{"start":{"line":61,"column":0},"end":{"line":63,"column":3}},"22":{"start":{"line":62,"column":4},"end":{"line":62,"column":39}}},"fnMap":{"0":{"name":"(anonymous_0)","decl":{"start":{"line":25,"column":6},"end":{"line":25,"column":7}},"loc":{"start":{"line":25,"column":12},"end":{"line":65,"column":1}},"line":25},"1":{"name":"(anonymous_1)","decl":{"start":{"line":61,"column":17},"end":{"line":61,"column":18}},"loc":{"start":{"line":61,"column":23},"end":{"line":63,"column":1}},"line":61}},"branchMap":{},"s":{"0":1,"1":1,"2":1,"3":1,"4":1,"5":1,"6":1,"7":1,"8":1,"9":1,"10":1,"11":1,"12":1,"13":1,"14":1,"15":1,"16":1,"17":1,"18":1,"19":1,"20":1,"21":1,"22":1},"f":{"0":1,"1":1},"b":{},"_coverageSchema":"1a1c01bbd47fc00a2c39e90264f33305004495a9","hash":"e9054e5430699d25deb105f77049133349cad5f3"}
,"C:\\Users\\gasan\\learn-express\\mongoconnect.js": {"path":"C:\\Users\\gasan\\learn-express\\mongoconnect.js","statementMap":{"0":{"start":{"line":4,"column":21},"end":{"line":6,"column":1}},"1":{"start":{"line":5,"column":4},"end":{"line":5,"column":94}},"2":{"start":{"line":8,"column":24},"end":{"line":11,"column":1}},"3":{"start":{"line":9,"column":4},"end":{"line":9,"column":34}}},"fnMap":{"0":{"name":"(anonymous_0)","decl":{"start":{"line":4,"column":21},"end":{"line":4,"column":22}},"loc":{"start":{"line":4,"column":33},"end":{"line":6,"column":1}},"line":4},"1":{"name":"(anonymous_1)","decl":{"start":{"line":8,"column":24},"end":{"line":8,"column":25}},"loc":{"start":{"line":8,"column":36},"end":{"line":11,"column":1}},"line":8}},"branchMap":{},"s":{"0":1,"1":1,"2":1,"3":1},"f":{"0":1,"1":1},"b":{},"_coverageSchema":"1a1c01bbd47fc00a2c39e90264f33305004495a9","hash":"5744012c63f52a68c6c1fc0c206ddacdc53438d9"}
,"C:\\Users\\gasan\\learn-express\\middleware\\ath.js": {"path":"C:\\Users\\gasan\\learn-express\\middleware\\ath.js","statementMap":{"0":{"start":{"line":1,"column":22},"end":{"line":3,"column":3}},"1":{"start":{"line":2,"column":4},"end":{"line":2,"column":60}}},"fnMap":{"0":{"name":"(anonymous_0)","decl":{"start":{"line":1,"column":22},"end":{"line":1,"column":23}},"loc":{"start":{"line":1,"column":36},"end":{"line":3,"column":3}},"line":1}},"branchMap":{},"s":{"0":1,"1":6},"f":{"0":6},"b":{},"_coverageSchema":"1a1c01bbd47fc00a2c39e90264f33305004495a9","hash":"9dc6d1e74cbf6b6c94669e756ef1b2b3aeb77d3d"}
,"C:\\Users\\gasan\\learn-express\\middleware\\auth.js": {"path":"C:\\Users\\gasan\\learn-express\\middleware\\auth.js","statementMap":{"0":{"start":{"line":3,"column":13},"end":{"line":3,"column":41}},"1":{"start":{"line":4,"column":1},"end":{"line":55,"column":2}},"2":{"start":{"line":5,"column":5},"end":{"line":7,"column":7}},"3":{"start":{"line":10,"column":19},"end":{"line":10,"column":44}},"4":{"start":{"line":12,"column":2},"end":{"line":53,"column":3}},"5":{"start":{"line":25,"column":24},"end":{"line":25,"column":39}},"6":{"start":{"line":26,"column":18},"end":{"line":26,"column":54}},"7":{"start":{"line":27,"column":4},"end":{"line":27,"column":42}},"8":{"start":{"line":29,"column":18},"end":{"line":29,"column":33}},"9":{"start":{"line":34,"column":4},"end":{"line":40,"column":5}},"10":{"start":{"line":35,"column":5},"end":{"line":35,"column":22}},"11":{"start":{"line":37,"column":7},"end":{"line":39,"column":14}},"12":{"start":{"line":43,"column":9},"end":{"line":51,"column":10}},"13":{"start":{"line":44,"column":11},"end":{"line":46,"column":13}},"14":{"start":{"line":48,"column":11},"end":{"line":50,"column":13}},"15":{"start":{"line":54,"column":2},"end":{"line":54,"column":9}}},"fnMap":{"0":{"name":"auth","decl":{"start":{"line":2,"column":16},"end":{"line":2,"column":20}},"loc":{"start":{"line":2,"column":34},"end":{"line":56,"column":1}},"line":2},"1":{"name":"parseJwt","decl":{"start":{"line":24,"column":12},"end":{"line":24,"column":20}},"loc":{"start":{"line":24,"column":24},"end":{"line":28,"column":3}},"line":24}},"branchMap":{"0":{"loc":{"start":{"line":4,"column":1},"end":{"line":55,"column":2}},"type":"if","locations":[{"start":{"line":4,"column":1},"end":{"line":55,"column":2}},{"start":{"line":8,"column":6},"end":{"line":55,"column":2}}],"line":4},"1":{"loc":{"start":{"line":34,"column":4},"end":{"line":40,"column":5}},"type":"if","locations":[{"start":{"line":34,"column":4},"end":{"line":40,"column":5}},{"start":{"line":36,"column":9},"end":{"line":40,"column":5}}],"line":34},"2":{"loc":{"start":{"line":43,"column":9},"end":{"line":51,"column":10}},"type":"if","locations":[{"start":{"line":43,"column":9},"end":{"line":51,"column":10}},{"start":{"line":47,"column":14},"end":{"line":51,"column":10}}],"line":43},"3":{"loc":{"start":{"line":43,"column":12},"end":{"line":43,"column":54}},"type":"binary-expr","locations":[{"start":{"line":43,"column":12},"end":{"line":43,"column":25}},{"start":{"line":43,"column":29},"end":{"line":43,"column":54}}],"line":43}},"s":{"0":0,"1":0,"2":0,"3":0,"4":0,"5":0,"6":0,"7":0,"8":0,"9":0,"10":0,"11":0,"12":0,"13":0,"14":0,"15":0},"f":{"0":0,"1":0},"b":{"0":[0,0],"1":[0,0],"2":[0,0],"3":[0,0]},"_coverageSchema":"1a1c01bbd47fc00a2c39e90264f33305004495a9","hash":"8fe849356640c7fa28fd3580ea790bb3aed88614"}
,"C:\\Users\\gasan\\learn-express\\middleware\\authorization.js": {"path":"C:\\Users\\gasan\\learn-express\\middleware\\authorization.js","statementMap":{"0":{"start":{"line":4,"column":20},"end":{"line":4,"column":40}},"1":{"start":{"line":5,"column":19},"end":{"line":5,"column":41}},"2":{"start":{"line":7,"column":16},"end":{"line":10,"column":1}},"3":{"start":{"line":11,"column":27},"end":{"line":13,"column":2}},"4":{"start":{"line":12,"column":2},"end":{"line":12,"column":48}}},"fnMap":{"0":{"name":"(anonymous_0)","decl":{"start":{"line":11,"column":52},"end":{"line":11,"column":53}},"loc":{"start":{"line":11,"column":71},"end":{"line":13,"column":1}},"line":11}},"branchMap":{},"s":{"0":1,"1":1,"2":1,"3":1,"4":0},"f":{"0":0},"b":{},"_coverageSchema":"1a1c01bbd47fc00a2c39e90264f33305004495a9","hash":"7082d0a75ad7ae4493432bc33a7ae0f9c735533a"}
,"C:\\Users\\gasan\\learn-express\\middleware\\checkBlogValid.js": {"path":"C:\\Users\\gasan\\learn-express\\middleware\\checkBlogValid.js","statementMap":{"0":{"start":{"line":2,"column":19},"end":{"line":16,"column":1}},"1":{"start":{"line":3,"column":20},"end":{"line":3,"column":43}},"2":{"start":{"line":4,"column":4},"end":{"line":6,"column":5}},"3":{"start":{"line":5,"column":8},"end":{"line":5,"column":56}},"4":{"start":{"line":8,"column":4},"end":{"line":14,"column":5}},"5":{"start":{"line":9,"column":11},"end":{"line":9,"column":18}},"6":{"start":{"line":12,"column":8},"end":{"line":12,"column":37}}},"fnMap":{"0":{"name":"(anonymous_0)","decl":{"start":{"line":2,"column":19},"end":{"line":2,"column":20}},"loc":{"start":{"line":2,"column":38},"end":{"line":16,"column":1}},"line":2}},"branchMap":{"0":{"loc":{"start":{"line":4,"column":4},"end":{"line":6,"column":5}},"type":"if","locations":[{"start":{"line":4,"column":4},"end":{"line":6,"column":5}},{"start":{},"end":{}}],"line":4}},"s":{"0":1,"1":0,"2":0,"3":0,"4":0,"5":0,"6":0},"f":{"0":0},"b":{"0":[0,0]},"_coverageSchema":"1a1c01bbd47fc00a2c39e90264f33305004495a9","hash":"3fd837e9aae46be05f67c0cceef35830df05914b"}
,"C:\\Users\\gasan\\learn-express\\middleware\\checkCommentvalid.js": {"path":"C:\\Users\\gasan\\learn-express\\middleware\\checkCommentvalid.js","statementMap":{"0":{"start":{"line":2,"column":17},"end":{"line":16,"column":1}},"1":{"start":{"line":3,"column":20},"end":{"line":3,"column":46}},"2":{"start":{"line":4,"column":4},"end":{"line":6,"column":5}},"3":{"start":{"line":5,"column":8},"end":{"line":5,"column":67}},"4":{"start":{"line":8,"column":4},"end":{"line":14,"column":5}},"5":{"start":{"line":9,"column":11},"end":{"line":9,"column":18}},"6":{"start":{"line":12,"column":8},"end":{"line":12,"column":37}}},"fnMap":{"0":{"name":"(anonymous_0)","decl":{"start":{"line":2,"column":17},"end":{"line":2,"column":18}},"loc":{"start":{"line":2,"column":36},"end":{"line":16,"column":1}},"line":2}},"branchMap":{"0":{"loc":{"start":{"line":4,"column":4},"end":{"line":6,"column":5}},"type":"if","locations":[{"start":{"line":4,"column":4},"end":{"line":6,"column":5}},{"start":{},"end":{}}],"line":4}},"s":{"0":1,"1":3,"2":3,"3":1,"4":2,"5":2,"6":0},"f":{"0":3},"b":{"0":[1,2]},"_coverageSchema":"1a1c01bbd47fc00a2c39e90264f33305004495a9","hash":"f37ffc089c454c5fb332ee1c8fa72b370d148d01"}
,"C:\\Users\\gasan\\learn-express\\middleware\\checkLoginValid.js": {"path":"C:\\Users\\gasan\\learn-express\\middleware\\checkLoginValid.js","statementMap":{"0":{"start":{"line":2,"column":16},"end":{"line":16,"column":1}},"1":{"start":{"line":3,"column":20},"end":{"line":3,"column":44}},"2":{"start":{"line":4,"column":4},"end":{"line":6,"column":5}},"3":{"start":{"line":5,"column":8},"end":{"line":5,"column":49}},"4":{"start":{"line":8,"column":4},"end":{"line":14,"column":5}},"5":{"start":{"line":9,"column":11},"end":{"line":9,"column":18}},"6":{"start":{"line":12,"column":8},"end":{"line":12,"column":37}}},"fnMap":{"0":{"name":"(anonymous_0)","decl":{"start":{"line":2,"column":16},"end":{"line":2,"column":17}},"loc":{"start":{"line":2,"column":35},"end":{"line":16,"column":1}},"line":2}},"branchMap":{"0":{"loc":{"start":{"line":4,"column":4},"end":{"line":6,"column":5}},"type":"if","locations":[{"start":{"line":4,"column":4},"end":{"line":6,"column":5}},{"start":{},"end":{}}],"line":4}},"s":{"0":1,"1":1,"2":1,"3":0,"4":1,"5":1,"6":0},"f":{"0":1},"b":{"0":[0,1]},"_coverageSchema":"1a1c01bbd47fc00a2c39e90264f33305004495a9","hash":"b941b381363df3e6c89f8bd2ef8469b10e22815e"}
,"C:\\Users\\gasan\\learn-express\\middleware\\checkQueryValid.js": {"path":"C:\\Users\\gasan\\learn-express\\middleware\\checkQueryValid.js","statementMap":{"0":{"start":{"line":2,"column":16},"end":{"line":16,"column":1}},"1":{"start":{"line":3,"column":20},"end":{"line":3,"column":43}},"2":{"start":{"line":4,"column":4},"end":{"line":6,"column":5}},"3":{"start":{"line":5,"column":8},"end":{"line":5,"column":67}},"4":{"start":{"line":8,"column":4},"end":{"line":14,"column":5}},"5":{"start":{"line":9,"column":11},"end":{"line":9,"column":18}},"6":{"start":{"line":12,"column":8},"end":{"line":12,"column":37}}},"fnMap":{"0":{"name":"(anonymous_0)","decl":{"start":{"line":2,"column":16},"end":{"line":2,"column":17}},"loc":{"start":{"line":2,"column":35},"end":{"line":16,"column":1}},"line":2}},"branchMap":{"0":{"loc":{"start":{"line":4,"column":4},"end":{"line":6,"column":5}},"type":"if","locations":[{"start":{"line":4,"column":4},"end":{"line":6,"column":5}},{"start":{},"end":{}}],"line":4}},"s":{"0":1,"1":3,"2":3,"3":2,"4":1,"5":1,"6":0},"f":{"0":3},"b":{"0":[2,1]},"_coverageSchema":"1a1c01bbd47fc00a2c39e90264f33305004495a9","hash":"462619f5545200cac5f422461d41b530d94c67fb"}
,"C:\\Users\\gasan\\learn-express\\middleware\\checkSignUpValid.js": {"path":"C:\\Users\\gasan\\learn-express\\middleware\\checkSignUpValid.js","statementMap":{"0":{"start":{"line":2,"column":17},"end":{"line":16,"column":1}},"1":{"start":{"line":3,"column":20},"end":{"line":3,"column":44}},"2":{"start":{"line":4,"column":4},"end":{"line":6,"column":5}},"3":{"start":{"line":5,"column":8},"end":{"line":5,"column":55}},"4":{"start":{"line":8,"column":4},"end":{"line":14,"column":5}},"5":{"start":{"line":9,"column":11},"end":{"line":9,"column":18}},"6":{"start":{"line":12,"column":8},"end":{"line":12,"column":37}}},"fnMap":{"0":{"name":"(anonymous_0)","decl":{"start":{"line":2,"column":17},"end":{"line":2,"column":18}},"loc":{"start":{"line":2,"column":37},"end":{"line":16,"column":1}},"line":2}},"branchMap":{"0":{"loc":{"start":{"line":4,"column":4},"end":{"line":6,"column":5}},"type":"if","locations":[{"start":{"line":4,"column":4},"end":{"line":6,"column":5}},{"start":{},"end":{}}],"line":4}},"s":{"0":1,"1":2,"2":2,"3":0,"4":2,"5":2,"6":0},"f":{"0":2},"b":{"0":[0,2]},"_coverageSchema":"1a1c01bbd47fc00a2c39e90264f33305004495a9","hash":"35f5166b001a6704e4e589f06cfb6b25c335cbc2"}
,"C:\\Users\\gasan\\learn-express\\model\\Blog.js": {"path":"C:\\Users\\gasan\\learn-express\\model\\Blog.js","statementMap":{"0":{"start":{"line":2,"column":15},"end":{"line":13,"column":1}},"1":{"start":{"line":14,"column":13},"end":{"line":14,"column":43}}},"fnMap":{},"branchMap":{},"s":{"0":1,"1":1},"f":{},"b":{},"_coverageSchema":"1a1c01bbd47fc00a2c39e90264f33305004495a9","hash":"7ef9c42a16c3e5b4625bf35fc687e602253df957"}
,"C:\\Users\\gasan\\learn-express\\model\\comment.js": {"path":"C:\\Users\\gasan\\learn-express\\model\\comment.js","statementMap":{"0":{"start":{"line":2,"column":15},"end":{"line":13,"column":1}},"1":{"start":{"line":14,"column":16},"end":{"line":14,"column":51}}},"fnMap":{},"branchMap":{},"s":{"0":1,"1":1},"f":{},"b":{},"_coverageSchema":"1a1c01bbd47fc00a2c39e90264f33305004495a9","hash":"bcc86af6d3e1a4c3e4dea847ef7daa8b4228c9b9"}
,"C:\\Users\\gasan\\learn-express\\model\\contactQuery.js": {"path":"C:\\Users\\gasan\\learn-express\\model\\contactQuery.js","statementMap":{"0":{"start":{"line":2,"column":15},"end":{"line":10,"column":1}},"1":{"start":{"line":11,"column":21},"end":{"line":11,"column":60}}},"fnMap":{},"branchMap":{},"s":{"0":1,"1":1},"f":{},"b":{},"_coverageSchema":"1a1c01bbd47fc00a2c39e90264f33305004495a9","hash":"4bd770bb37b242ae1eb412203a8996a8ec141732"}
,"C:\\Users\\gasan\\learn-express\\model\\likes.js": {"path":"C:\\Users\\gasan\\learn-express\\model\\likes.js","statementMap":{"0":{"start":{"line":2,"column":15},"end":{"line":10,"column":1}},"1":{"start":{"line":11,"column":18},"end":{"line":11,"column":54}}},"fnMap":{},"branchMap":{},"s":{"0":1,"1":1},"f":{},"b":{},"_coverageSchema":"1a1c01bbd47fc00a2c39e90264f33305004495a9","hash":"fb39894071b3f477e25afc93454f24a776c84cf8"}
,"C:\\Users\\gasan\\learn-express\\model\\login.js": {"path":"C:\\Users\\gasan\\learn-express\\model\\login.js","statementMap":{"0":{"start":{"line":2,"column":15},"end":{"line":7,"column":1}},"1":{"start":{"line":9,"column":17},"end":{"line":9,"column":51}}},"fnMap":{},"branchMap":{},"s":{"0":1,"1":1},"f":{},"b":{},"_coverageSchema":"1a1c01bbd47fc00a2c39e90264f33305004495a9","hash":"4b966146f4790801645cd4425184521a8ed1a756"}
,"C:\\Users\\gasan\\learn-express\\model\\signUp.js": {"path":"C:\\Users\\gasan\\learn-express\\model\\signUp.js","statementMap":{"0":{"start":{"line":2,"column":15},"end":{"line":9,"column":1}},"1":{"start":{"line":13,"column":17},"end":{"line":13,"column":51}}},"fnMap":{},"branchMap":{},"s":{"0":1,"1":1},"f":{},"b":{},"_coverageSchema":"1a1c01bbd47fc00a2c39e90264f33305004495a9","hash":"9270826d4aaaf4674aeab6862ca227a378443332"}
,"C:\\Users\\gasan\\learn-express\\routes\\routes.js": {"path":"C:\\Users\\gasan\\learn-express\\routes\\routes.js","statementMap":{"0":{"start":{"line":2,"column":15},"end":{"line":2,"column":23}},"1":{"start":{"line":9,"column":17},"end":{"line":9,"column":20}},"2":{"start":{"line":17,"column":0},"end":{"line":21,"column":5}},"3":{"start":{"line":24,"column":16},"end":{"line":29,"column":4}},"4":{"start":{"line":30,"column":15},"end":{"line":30,"column":34}},"5":{"start":{"line":34,"column":18},"end":{"line":34,"column":35}},"6":{"start":{"line":35,"column":4},"end":{"line":35,"column":29}},"7":{"start":{"line":38,"column":17},"end":{"line":42,"column":3}},"8":{"start":{"line":44,"column":4},"end":{"line":44,"column":22}},"9":{"start":{"line":45,"column":4},"end":{"line":45,"column":28}},"10":{"start":{"line":56,"column":4},"end":{"line":61,"column":5}},"11":{"start":{"line":57,"column":20},"end":{"line":57,"column":54}},"12":{"start":{"line":58,"column":8},"end":{"line":58,"column":31}},"13":{"start":{"line":60,"column":8},"end":{"line":60,"column":56}},"14":{"start":{"line":66,"column":4},"end":{"line":74,"column":5}},"15":{"start":{"line":67,"column":20},"end":{"line":67,"column":54}},"16":{"start":{"line":68,"column":8},"end":{"line":68,"column":37}},"17":{"start":{"line":69,"column":8},"end":{"line":69,"column":20}},"18":{"start":{"line":70,"column":8},"end":{"line":70,"column":51}},"19":{"start":{"line":73,"column":8},"end":{"line":73,"column":56}},"20":{"start":{"line":77,"column":4},"end":{"line":84,"column":5}},"21":{"start":{"line":78,"column":20},"end":{"line":78,"column":54}},"22":{"start":{"line":79,"column":8},"end":{"line":79,"column":27}},"23":{"start":{"line":80,"column":8},"end":{"line":80,"column":45}},"24":{"start":{"line":83,"column":8},"end":{"line":83,"column":56}},"25":{"start":{"line":90,"column":18},"end":{"line":90,"column":44}},"26":{"start":{"line":91,"column":4},"end":{"line":91,"column":23}},"27":{"start":{"line":92,"column":4},"end":{"line":92,"column":30}},"28":{"start":{"line":95,"column":21},"end":{"line":95,"column":46}},"29":{"start":{"line":96,"column":7},"end":{"line":96,"column":33}},"30":{"start":{"line":100,"column":4},"end":{"line":107,"column":5}},"31":{"start":{"line":101,"column":21},"end":{"line":101,"column":63}},"32":{"start":{"line":102,"column":8},"end":{"line":102,"column":28}},"33":{"start":{"line":103,"column":8},"end":{"line":103,"column":45}},"34":{"start":{"line":106,"column":8},"end":{"line":106,"column":56}},"35":{"start":{"line":112,"column":25},"end":{"line":112,"column":80}},"36":{"start":{"line":114,"column":4},"end":{"line":114,"column":82}},"37":{"start":{"line":114,"column":20},"end":{"line":114,"column":81}},"38":{"start":{"line":116,"column":21},"end":{"line":116,"column":79}},"39":{"start":{"line":117,"column":4},"end":{"line":117,"column":80}},"40":{"start":{"line":117,"column":19},"end":{"line":117,"column":80}},"41":{"start":{"line":118,"column":20},"end":{"line":122,"column":7}},"42":{"start":{"line":124,"column":18},"end":{"line":124,"column":62}},"43":{"start":{"line":125,"column":4},"end":{"line":125,"column":34}},"44":{"start":{"line":126,"column":17},"end":{"line":126,"column":39}},"45":{"start":{"line":127,"column":4},"end":{"line":132,"column":5}},"46":{"start":{"line":128,"column":5},"end":{"line":128,"column":61}},"47":{"start":{"line":131,"column":8},"end":{"line":131,"column":56}},"48":{"start":{"line":137,"column":26},"end":{"line":137,"column":81}},"49":{"start":{"line":138,"column":4},"end":{"line":138,"column":94}},"50":{"start":{"line":138,"column":22},"end":{"line":138,"column":94}},"51":{"start":{"line":139,"column":20},"end":{"line":139,"column":44}},"52":{"start":{"line":140,"column":24},"end":{"line":140,"column":69}},"53":{"start":{"line":143,"column":17},"end":{"line":147,"column":6}},"54":{"start":{"line":148,"column":4},"end":{"line":148,"column":22}},"55":{"start":{"line":149,"column":4},"end":{"line":154,"column":5}},"56":{"start":{"line":150,"column":6},"end":{"line":150,"column":68}},"57":{"start":{"line":153,"column":8},"end":{"line":153,"column":62}},"58":{"start":{"line":159,"column":18},"end":{"line":159,"column":31}},"59":{"start":{"line":160,"column":1},"end":{"line":165,"column":2}},"60":{"start":{"line":161,"column":2},"end":{"line":164,"column":7}},"61":{"start":{"line":166,"column":1},"end":{"line":221,"column":3}},"62":{"start":{"line":167,"column":2},"end":{"line":215,"column":3}},"63":{"start":{"line":168,"column":3},"end":{"line":171,"column":6}},"64":{"start":{"line":174,"column":3},"end":{"line":212,"column":4}},"65":{"start":{"line":185,"column":30},"end":{"line":191,"column":6}},"66":{"start":{"line":193,"column":22},"end":{"line":193,"column":53}},"67":{"start":{"line":195,"column":4},"end":{"line":200,"column":5}},"68":{"start":{"line":202,"column":12},"end":{"line":205,"column":15}},"69":{"start":{"line":208,"column":4},"end":{"line":211,"column":9}},"70":{"start":{"line":217,"column":2},"end":{"line":220,"column":7}},"71":{"start":{"line":229,"column":17},"end":{"line":229,"column":37}},"72":{"start":{"line":230,"column":4},"end":{"line":230,"column":30}},"73":{"start":{"line":234,"column":16},"end":{"line":234,"column":29}},"74":{"start":{"line":235,"column":1},"end":{"line":240,"column":2}},"75":{"start":{"line":236,"column":2},"end":{"line":239,"column":7}},"76":{"start":{"line":242,"column":1},"end":{"line":311,"column":3}},"77":{"start":{"line":243,"column":2},"end":{"line":305,"column":3}},"78":{"start":{"line":244,"column":3},"end":{"line":247,"column":8}},"79":{"start":{"line":249,"column":20},"end":{"line":249,"column":30}},"80":{"start":{"line":251,"column":12},"end":{"line":303,"column":5}},"81":{"start":{"line":255,"column":4},"end":{"line":296,"column":5}},"82":{"start":{"line":256,"column":5},"end":{"line":290,"column":6}},"83":{"start":{"line":257,"column":22},"end":{"line":260,"column":8}},"84":{"start":{"line":261,"column":19},"end":{"line":261,"column":43}},"85":{"start":{"line":262,"column":6},"end":{"line":266,"column":8}},"86":{"start":{"line":267,"column":6},"end":{"line":270,"column":11}},"87":{"start":{"line":274,"column":6},"end":{"line":276,"column":9}},"88":{"start":{"line":278,"column":6},"end":{"line":282,"column":8}},"89":{"start":{"line":284,"column":6},"end":{"line":287,"column":11}},"90":{"start":{"line":292,"column":5},"end":{"line":295,"column":10}},"91":{"start":{"line":299,"column":4},"end":{"line":302,"column":9}},"92":{"start":{"line":307,"column":2},"end":{"line":310,"column":7}}},"fnMap":{"0":{"name":"findBlogs","decl":{"start":{"line":33,"column":22},"end":{"line":33,"column":31}},"loc":{"start":{"line":33,"column":43},"end":{"line":36,"column":2}},"line":33},"1":{"name":"createBlog","decl":{"start":{"line":37,"column":24},"end":{"line":37,"column":34}},"loc":{"start":{"line":37,"column":45},"end":{"line":46,"column":2}},"line":37},"2":{"name":"findBlog","decl":{"start":{"line":54,"column":24},"end":{"line":54,"column":32}},"loc":{"start":{"line":54,"column":44},"end":{"line":64,"column":2}},"line":54},"3":{"name":"updateBlog","decl":{"start":{"line":65,"column":22},"end":{"line":65,"column":32}},"loc":{"start":{"line":65,"column":44},"end":{"line":75,"column":1}},"line":65},"4":{"name":"deleteBlog","decl":{"start":{"line":76,"column":22},"end":{"line":76,"column":32}},"loc":{"start":{"line":76,"column":44},"end":{"line":87,"column":1}},"line":76},"5":{"name":"sendQuery","decl":{"start":{"line":88,"column":22},"end":{"line":88,"column":31}},"loc":{"start":{"line":88,"column":43},"end":{"line":93,"column":1}},"line":88},"6":{"name":"readQuery","decl":{"start":{"line":94,"column":22},"end":{"line":94,"column":31}},"loc":{"start":{"line":94,"column":42},"end":{"line":98,"column":1}},"line":94},"7":{"name":"deleteQuery","decl":{"start":{"line":99,"column":22},"end":{"line":99,"column":33}},"loc":{"start":{"line":99,"column":45},"end":{"line":108,"column":1}},"line":99},"8":{"name":"loginMssg","decl":{"start":{"line":110,"column":22},"end":{"line":110,"column":31}},"loc":{"start":{"line":110,"column":41},"end":{"line":134,"column":1}},"line":110},"9":{"name":"signUpMssg","decl":{"start":{"line":136,"column":22},"end":{"line":136,"column":32}},"loc":{"start":{"line":136,"column":42},"end":{"line":156,"column":1}},"line":136},"10":{"name":"commentDisplay","decl":{"start":{"line":158,"column":22},"end":{"line":158,"column":36}},"loc":{"start":{"line":158,"column":46},"end":{"line":227,"column":1}},"line":158},"11":{"name":"(anonymous_11)","decl":{"start":{"line":166,"column":34},"end":{"line":166,"column":35}},"loc":{"start":{"line":166,"column":48},"end":{"line":216,"column":2}},"line":166},"12":{"name":"(anonymous_12)","decl":{"start":{"line":216,"column":10},"end":{"line":216,"column":11}},"loc":{"start":{"line":216,"column":17},"end":{"line":221,"column":2}},"line":216},"13":{"name":"findComments","decl":{"start":{"line":228,"column":22},"end":{"line":228,"column":34}},"loc":{"start":{"line":228,"column":46},"end":{"line":231,"column":2}},"line":228},"14":{"name":"likesDisplay","decl":{"start":{"line":233,"column":23},"end":{"line":233,"column":35}},"loc":{"start":{"line":233,"column":47},"end":{"line":312,"column":2}},"line":233},"15":{"name":"(anonymous_15)","decl":{"start":{"line":242,"column":34},"end":{"line":242,"column":35}},"loc":{"start":{"line":242,"column":47},"end":{"line":306,"column":2}},"line":242},"16":{"name":"(anonymous_16)","decl":{"start":{"line":254,"column":11},"end":{"line":254,"column":12}},"loc":{"start":{"line":254,"column":30},"end":{"line":298,"column":4}},"line":254},"17":{"name":"(anonymous_17)","decl":{"start":{"line":298,"column":12},"end":{"line":298,"column":13}},"loc":{"start":{"line":298,"column":19},"end":{"line":303,"column":4}},"line":298},"18":{"name":"(anonymous_18)","decl":{"start":{"line":306,"column":10},"end":{"line":306,"column":11}},"loc":{"start":{"line":306,"column":17},"end":{"line":311,"column":2}},"line":306}},"branchMap":{"0":{"loc":{"start":{"line":114,"column":4},"end":{"line":114,"column":82}},"type":"if","locations":[{"start":{"line":114,"column":4},"end":{"line":114,"column":82}},{"start":{},"end":{}}],"line":114},"1":{"loc":{"start":{"line":117,"column":4},"end":{"line":117,"column":80}},"type":"if","locations":[{"start":{"line":117,"column":4},"end":{"line":117,"column":80}},{"start":{},"end":{}}],"line":117},"2":{"loc":{"start":{"line":138,"column":4},"end":{"line":138,"column":94}},"type":"if","locations":[{"start":{"line":138,"column":4},"end":{"line":138,"column":94}},{"start":{},"end":{}}],"line":138},"3":{"loc":{"start":{"line":160,"column":1},"end":{"line":165,"column":2}},"type":"if","locations":[{"start":{"line":160,"column":1},"end":{"line":165,"column":2}},{"start":{},"end":{}}],"line":160},"4":{"loc":{"start":{"line":167,"column":2},"end":{"line":215,"column":3}},"type":"if","locations":[{"start":{"line":167,"column":2},"end":{"line":215,"column":3}},{"start":{"line":172,"column":7},"end":{"line":215,"column":3}}],"line":167},"5":{"loc":{"start":{"line":235,"column":1},"end":{"line":240,"column":2}},"type":"if","locations":[{"start":{"line":235,"column":1},"end":{"line":240,"column":2}},{"start":{},"end":{}}],"line":235},"6":{"loc":{"start":{"line":243,"column":2},"end":{"line":305,"column":3}},"type":"if","locations":[{"start":{"line":243,"column":2},"end":{"line":305,"column":3}},{"start":{"line":248,"column":7},"end":{"line":305,"column":3}}],"line":243},"7":{"loc":{"start":{"line":256,"column":5},"end":{"line":290,"column":6}},"type":"if","locations":[{"start":{"line":256,"column":5},"end":{"line":290,"column":6}},{"start":{"line":272,"column":10},"end":{"line":290,"column":6}}],"line":256}},"s":{"0":1,"1":1,"2":1,"3":1,"4":1,"5":1,"6":1,"7":0,"8":0,"9":0,"10":2,"11":2,"12":1,"13":1,"14":0,"15":0,"16":0,"17":0,"18":0,"19":0,"20":0,"21":0,"22":0,"23":0,"24":0,"25":1,"26":1,"27":1,"28":0,"29":0,"30":0,"31":0,"32":0,"33":0,"34":0,"35":1,"36":1,"37":0,"38":1,"39":1,"40":0,"41":1,"42":1,"43":1,"44":1,"45":1,"46":1,"47":0,"48":2,"49":2,"50":1,"51":1,"52":1,"53":1,"54":1,"55":1,"56":1,"57":0,"58":2,"59":2,"60":1,"61":1,"62":1,"63":0,"64":1,"65":1,"66":1,"67":1,"68":1,"69":0,"70":0,"71":0,"72":0,"73":0,"74":0,"75":0,"76":0,"77":0,"78":0,"79":0,"80":0,"81":0,"82":0,"83":0,"84":0,"85":0,"86":0,"87":0,"88":0,"89":0,"90":0,"91":0,"92":0},"f":{"0":1,"1":0,"2":2,"3":0,"4":0,"5":1,"6":0,"7":0,"8":1,"9":2,"10":2,"11":1,"12":0,"13":0,"14":0,"15":0,"16":0,"17":0,"18":0},"b":{"0":[0,1],"1":[0,1],"2":[1,1],"3":[1,1],"4":[0,1],"5":[0,0],"6":[0,0],"7":[0,0]},"_coverageSchema":"1a1c01bbd47fc00a2c39e90264f33305004495a9","hash":"0b8737ed77b0b814aa0179c994c098245893fa23"}
,"C:\\Users\\gasan\\learn-express\\validation\\QueryValidation.js": {"path":"C:\\Users\\gasan\\learn-express\\validation\\QueryValidation.js","statementMap":{"0":{"start":{"line":3,"column":22},"end":{"line":3,"column":89}},"1":{"start":{"line":3,"column":37},"end":{"line":3,"column":89}},"2":{"start":{"line":5,"column":20},"end":{"line":9,"column":2}}},"fnMap":{"0":{"name":"(anonymous_0)","decl":{"start":{"line":3,"column":22},"end":{"line":3,"column":23}},"loc":{"start":{"line":3,"column":37},"end":{"line":3,"column":89}},"line":3}},"branchMap":{},"s":{"0":1,"1":3,"2":1},"f":{"0":3},"b":{},"_coverageSchema":"1a1c01bbd47fc00a2c39e90264f33305004495a9","hash":"3ebf9fb2d397008c241398b5bd20d981d21af0e0"}
,"C:\\Users\\gasan\\learn-express\\validation\\blogValidation.js": {"path":"C:\\Users\\gasan\\learn-express\\validation\\blogValidation.js","statementMap":{"0":{"start":{"line":5,"column":19},"end":{"line":9,"column":2}},"1":{"start":{"line":11,"column":22},"end":{"line":11,"column":88}},"2":{"start":{"line":11,"column":37},"end":{"line":11,"column":88}}},"fnMap":{"0":{"name":"(anonymous_0)","decl":{"start":{"line":11,"column":22},"end":{"line":11,"column":23}},"loc":{"start":{"line":11,"column":37},"end":{"line":11,"column":88}},"line":11}},"branchMap":{},"s":{"0":1,"1":1,"2":0},"f":{"0":0},"b":{},"_coverageSchema":"1a1c01bbd47fc00a2c39e90264f33305004495a9","hash":"1d896fbfc351a11ec750559aca5042cd8b683369"}
,"C:\\Users\\gasan\\learn-express\\validation\\commentValidation.js": {"path":"C:\\Users\\gasan\\learn-express\\validation\\commentValidation.js","statementMap":{"0":{"start":{"line":3,"column":25},"end":{"line":3,"column":94}},"1":{"start":{"line":3,"column":40},"end":{"line":3,"column":94}},"2":{"start":{"line":5,"column":22},"end":{"line":9,"column":2}}},"fnMap":{"0":{"name":"(anonymous_0)","decl":{"start":{"line":3,"column":25},"end":{"line":3,"column":26}},"loc":{"start":{"line":3,"column":40},"end":{"line":3,"column":94}},"line":3}},"branchMap":{},"s":{"0":1,"1":3,"2":1},"f":{"0":3},"b":{},"_coverageSchema":"1a1c01bbd47fc00a2c39e90264f33305004495a9","hash":"594c8eb38f1c5efebeb80f8c61b5b3ee94f1dd74"}
,"C:\\Users\\gasan\\learn-express\\validation\\loginValidation.js": {"path":"C:\\Users\\gasan\\learn-express\\validation\\loginValidation.js","statementMap":{"0":{"start":{"line":5,"column":20},"end":{"line":8,"column":2}},"1":{"start":{"line":10,"column":23},"end":{"line":10,"column":90}},"2":{"start":{"line":10,"column":38},"end":{"line":10,"column":90}}},"fnMap":{"0":{"name":"(anonymous_0)","decl":{"start":{"line":10,"column":23},"end":{"line":10,"column":24}},"loc":{"start":{"line":10,"column":38},"end":{"line":10,"column":90}},"line":10}},"branchMap":{},"s":{"0":1,"1":1,"2":1},"f":{"0":1},"b":{},"_coverageSchema":"1a1c01bbd47fc00a2c39e90264f33305004495a9","hash":"0d45b6fbb5871c780d4f9f6baf46b5b9c2e3b476"}
,"C:\\Users\\gasan\\learn-express\\validation\\signUpValidation.js": {"path":"C:\\Users\\gasan\\learn-express\\validation\\signUpValidation.js","statementMap":{"0":{"start":{"line":5,"column":21},"end":{"line":10,"column":2}},"1":{"start":{"line":12,"column":22},"end":{"line":12,"column":90}},"2":{"start":{"line":12,"column":37},"end":{"line":12,"column":90}}},"fnMap":{"0":{"name":"(anonymous_0)","decl":{"start":{"line":12,"column":22},"end":{"line":12,"column":23}},"loc":{"start":{"line":12,"column":37},"end":{"line":12,"column":90}},"line":12}},"branchMap":{},"s":{"0":1,"1":1,"2":2},"f":{"0":2},"b":{},"_coverageSchema":"1a1c01bbd47fc00a2c39e90264f33305004495a9","hash":"472cf1810557c37c75e0a63615e8d0d54b0d517d"}
}
