TN:
SF:index.js
FN:26,(anonymous_0)
FN:585,(anonymous_1)
FNF:2
FNH:2
FNDA:1,(anonymous_0)
FNDA:1,(anonymous_1)
DA:23,1
DA:25,1
DA:28,1
DA:30,1
DA:31,1
DA:34,1
DA:41,1
DA:47,1
DA:96,1
DA:143,1
DA:173,1
DA:225,1
DA:258,1
DA:305,1
DA:344,1
DA:375,1
DA:413,1
DA:457,1
DA:506,1
DA:540,1
DA:583,1
DA:585,1
DA:586,1
DA:587,1
LF:24
LH:24
BRF:0
BRH:0
end_of_record
TN:
SF:mongoconnect.js
FN:4,(anonymous_0)
FN:9,(anonymous_1)
FNF:2
FNH:2
FNDA:1,(anonymous_0)
FNDA:1,(anonymous_1)
DA:4,1
DA:5,1
DA:9,1
DA:10,1
LF:4
LH:4
BRF:0
BRH:0
end_of_record
TN:
SF:swager.js
FN:24,swaggerDocs
FN:34,(anonymous_1)
FNF:2
FNH:1
FNDA:1,swaggerDocs
FNDA:0,(anonymous_1)
DA:5,1
DA:22,1
DA:29,1
DA:34,1
DA:35,0
DA:36,0
LF:6
LH:4
BRF:0
BRH:0
end_of_record
TN:
SF:middleware\ath.js
FN:1,(anonymous_0)
FNF:1
FNH:1
FNDA:6,(anonymous_0)
DA:1,1
DA:2,6
LF:2
LH:2
BRF:0
BRH:0
end_of_record
TN:
SF:middleware\auth.js
FN:2,auth
FN:24,parseJwt
FNF:2
FNH:0
FNDA:0,auth
FNDA:0,parseJwt
DA:3,0
DA:4,0
DA:5,0
DA:10,0
DA:12,0
DA:25,0
DA:26,0
DA:27,0
DA:29,0
DA:34,0
DA:35,0
DA:37,0
DA:43,0
DA:44,0
DA:48,0
DA:54,0
LF:16
LH:0
BRDA:4,0,0,0
BRDA:4,0,1,0
BRDA:34,1,0,0
BRDA:34,1,1,0
BRDA:43,2,0,0
BRDA:43,2,1,0
BRDA:43,3,0,0
BRDA:43,3,1,0
BRF:8
BRH:0
end_of_record
TN:
SF:middleware\authorization.js
FN:11,(anonymous_0)
FNF:1
FNH:1
FNDA:3,(anonymous_0)
DA:4,1
DA:5,1
DA:7,1
DA:11,1
DA:12,3
LF:5
LH:5
BRF:0
BRH:0
end_of_record
TN:
SF:middleware\checkBlogValid.js
FN:2,(anonymous_0)
FNF:1
FNH:0
FNDA:0,(anonymous_0)
DA:2,1
DA:3,0
DA:4,0
DA:5,0
DA:8,0
DA:9,0
DA:12,0
LF:7
LH:1
BRDA:4,0,0,0
BRDA:4,0,1,0
BRF:2
BRH:0
end_of_record
TN:
SF:middleware\checkCommentvalid.js
FN:2,(anonymous_0)
FNF:1
FNH:1
FNDA:3,(anonymous_0)
DA:2,1
DA:3,3
DA:4,3
DA:5,1
DA:8,2
DA:9,2
DA:12,0
LF:7
LH:6
BRDA:4,0,0,1
BRDA:4,0,1,2
BRF:2
BRH:2
end_of_record
TN:
SF:middleware\checkLoginValid.js
FN:2,(anonymous_0)
FNF:1
FNH:1
FNDA:1,(anonymous_0)
DA:2,1
DA:3,1
DA:4,1
DA:5,0
DA:8,1
DA:9,1
DA:12,0
LF:7
LH:5
BRDA:4,0,0,0
BRDA:4,0,1,1
BRF:2
BRH:1
end_of_record
TN:
SF:middleware\checkQueryValid.js
FN:2,(anonymous_0)
FNF:1
FNH:1
FNDA:3,(anonymous_0)
DA:2,1
DA:3,3
DA:4,3
DA:5,2
DA:8,1
DA:9,1
DA:12,0
LF:7
LH:6
BRDA:4,0,0,2
BRDA:4,0,1,1
BRF:2
BRH:2
end_of_record
TN:
SF:middleware\checkSignUpValid.js
FN:2,(anonymous_0)
FNF:1
FNH:1
FNDA:1,(anonymous_0)
DA:2,1
DA:3,1
DA:4,1
DA:5,0
DA:8,1
DA:9,1
DA:12,0
LF:7
LH:5
BRDA:4,0,0,0
BRDA:4,0,1,1
BRF:2
BRH:1
end_of_record
TN:
SF:model\Blog.js
FNF:0
FNH:0
DA:2,1
DA:14,1
LF:2
LH:2
BRF:0
BRH:0
end_of_record
TN:
SF:model\comment.js
FNF:0
FNH:0
DA:2,1
DA:14,1
LF:2
LH:2
BRF:0
BRH:0
end_of_record
TN:
SF:model\contactQuery.js
FNF:0
FNH:0
DA:2,1
DA:11,1
LF:2
LH:2
BRF:0
BRH:0
end_of_record
TN:
SF:model\likes.js
FNF:0
FNH:0
DA:2,1
DA:11,1
LF:2
LH:2
BRF:0
BRH:0
end_of_record
TN:
SF:model\login.js
FNF:0
FNH:0
DA:2,1
DA:9,1
LF:2
LH:2
BRF:0
BRH:0
end_of_record
TN:
SF:model\signUp.js
FNF:0
FNH:0
DA:2,1
DA:13,1
LF:2
LH:2
BRF:0
BRH:0
end_of_record
TN:
SF:routes\routes.js
FN:34,findBlogs
FN:41,createBlog
FN:58,findBlog
FN:75,updateBlog
FN:86,deleteBlog
FN:98,sendQuery
FN:104,readQuery
FN:109,deleteQuery
FN:120,loginMssg
FN:146,signUpMssg
FN:168,commentDisplay
FN:176,(anonymous_11)
FN:226,(anonymous_12)
FN:238,findComments
FN:243,likesDisplay
FN:252,(anonymous_15)
FN:264,(anonymous_16)
FN:308,(anonymous_17)
FN:316,(anonymous_18)
FNF:19
FNH:12
FNDA:1,findBlogs
FNDA:0,createBlog
FNDA:2,findBlog
FNDA:0,updateBlog
FNDA:0,deleteBlog
FNDA:1,sendQuery
FNDA:1,readQuery
FNDA:1,deleteQuery
FNDA:1,loginMssg
FNDA:1,signUpMssg
FNDA:2,commentDisplay
FNDA:1,(anonymous_11)
FNDA:0,(anonymous_12)
FNDA:0,findComments
FNDA:1,likesDisplay
FNDA:1,(anonymous_15)
FNDA:1,(anonymous_16)
FNDA:0,(anonymous_17)
FNDA:0,(anonymous_18)
DA:2,1
DA:9,1
DA:18,1
DA:25,1
DA:31,1
DA:35,1
DA:36,1
DA:42,0
DA:48,0
DA:49,0
DA:60,2
DA:61,2
DA:64,1
DA:65,0
DA:67,1
DA:70,1
DA:76,0
DA:77,0
DA:78,0
DA:79,0
DA:80,0
DA:83,0
DA:87,0
DA:88,0
DA:89,0
DA:90,0
DA:93,0
DA:100,1
DA:101,1
DA:102,1
DA:105,1
DA:106,1
DA:110,1
DA:111,1
DA:112,1
DA:113,0
DA:116,1
DA:122,1
DA:124,1
DA:126,1
DA:127,1
DA:128,1
DA:134,1
DA:135,1
DA:136,1
DA:137,1
DA:138,1
DA:141,0
DA:147,1
DA:148,1
DA:149,0
DA:150,0
DA:153,0
DA:158,0
DA:159,0
DA:160,0
DA:163,0
DA:169,2
DA:170,2
DA:171,1
DA:176,1
DA:177,1
DA:178,0
DA:184,1
DA:195,1
DA:203,1
DA:205,1
DA:212,1
DA:218,0
DA:227,0
DA:239,0
DA:240,0
DA:244,1
DA:245,1
DA:246,0
DA:252,1
DA:253,1
DA:254,0
DA:259,1
DA:261,1
DA:265,1
DA:266,1
DA:267,1
DA:271,1
DA:272,1
DA:277,1
DA:284,0
DA:288,0
DA:294,0
DA:302,0
DA:309,0
DA:317,0
LF:92
LH:55
BRDA:64,0,0,0
BRDA:64,0,1,1
BRDA:124,1,0,0
BRDA:124,1,1,1
BRDA:127,2,0,0
BRDA:127,2,1,1
BRDA:148,3,0,1
BRDA:148,3,1,0
BRDA:170,4,0,1
BRDA:170,4,1,1
BRDA:177,5,0,0
BRDA:177,5,1,1
BRDA:245,6,0,0
BRDA:245,6,1,1
BRDA:253,7,0,0
BRDA:253,7,1,1
BRDA:266,8,0,1
BRDA:266,8,1,0
BRF:18
BRH:10
end_of_record
TN:
SF:validation\QueryValidation.js
FN:3,(anonymous_0)
FNF:1
FNH:1
FNDA:3,(anonymous_0)
DA:3,3
DA:5,1
LF:2
LH:2
BRF:0
BRH:0
end_of_record
TN:
SF:validation\blogValidation.js
FN:11,(anonymous_0)
FNF:1
FNH:0
FNDA:0,(anonymous_0)
DA:5,1
DA:11,1
LF:2
LH:2
BRF:0
BRH:0
end_of_record
TN:
SF:validation\commentValidation.js
FN:3,(anonymous_0)
FNF:1
FNH:1
FNDA:3,(anonymous_0)
DA:3,3
DA:5,1
LF:2
LH:2
BRF:0
BRH:0
end_of_record
TN:
SF:validation\loginValidation.js
FN:10,(anonymous_0)
FNF:1
FNH:1
FNDA:1,(anonymous_0)
DA:5,1
DA:10,1
LF:2
LH:2
BRF:0
BRH:0
end_of_record
TN:
SF:validation\signUpValidation.js
FN:12,(anonymous_0)
FNF:1
FNH:1
FNDA:1,(anonymous_0)
DA:5,1
DA:12,1
LF:2
LH:2
BRF:0
BRH:0
end_of_record
