TN:
SF:index.js
FN:25,(anonymous_0)
FN:61,(anonymous_1)
FNF:2
FNH:2
FNDA:1,(anonymous_0)
FNDA:1,(anonymous_1)
DA:22,1
DA:24,1
DA:27,1
DA:29,1
DA:30,1
DA:33,1
DA:40,1
DA:46,1
DA:48,1
DA:49,1
DA:50,1
DA:51,1
DA:52,1
DA:53,1
DA:54,1
DA:55,1
DA:56,1
DA:57,1
DA:58,1
DA:59,1
DA:60,1
DA:61,1
DA:62,1
LF:23
LH:23
BRF:0
BRH:0
end_of_record
TN:
SF:mongoconnect.js
FN:4,(anonymous_0)
FN:9,(anonymous_1)
FNF:2
FNH:2
FNDA:1,(anonymous_0)
FNDA:1,(anonymous_1)
DA:4,1
DA:5,1
DA:9,1
DA:10,1
LF:4
LH:4
BRF:0
BRH:0
end_of_record
TN:
SF:middleware\ath.js
FN:1,(anonymous_0)
FNF:1
FNH:1
FNDA:6,(anonymous_0)
DA:1,1
DA:2,6
LF:2
LH:2
BRF:0
BRH:0
end_of_record
TN:
SF:middleware\auth.js
FN:2,auth
FN:24,parseJwt
FNF:2
FNH:0
FNDA:0,auth
FNDA:0,parseJwt
DA:3,0
DA:4,0
DA:5,0
DA:10,0
DA:12,0
DA:25,0
DA:26,0
DA:27,0
DA:29,0
DA:34,0
DA:35,0
DA:37,0
DA:43,0
DA:44,0
DA:48,0
DA:54,0
LF:16
LH:0
BRDA:4,0,0,0
BRDA:4,0,1,0
BRDA:34,1,0,0
BRDA:34,1,1,0
BRDA:43,2,0,0
BRDA:43,2,1,0
BRDA:43,3,0,0
BRDA:43,3,1,0
BRF:8
BRH:0
end_of_record
TN:
SF:middleware\authorization.js
FN:11,(anonymous_0)
FNF:1
FNH:1
FNDA:3,(anonymous_0)
DA:4,1
DA:5,1
DA:7,1
DA:11,1
DA:12,3
LF:5
LH:5
BRF:0
BRH:0
end_of_record
TN:
SF:middleware\checkBlogValid.js
FN:2,(anonymous_0)
FNF:1
FNH:0
FNDA:0,(anonymous_0)
DA:2,1
DA:3,0
DA:4,0
DA:5,0
DA:8,0
DA:9,0
DA:12,0
LF:7
LH:1
BRDA:4,0,0,0
BRDA:4,0,1,0
BRF:2
BRH:0
end_of_record
TN:
SF:middleware\checkCommentvalid.js
FN:2,(anonymous_0)
FNF:1
FNH:1
FNDA:3,(anonymous_0)
DA:2,1
DA:3,3
DA:4,3
DA:5,1
DA:8,2
DA:9,2
DA:12,0
LF:7
LH:6
BRDA:4,0,0,1
BRDA:4,0,1,2
BRF:2
BRH:2
end_of_record
TN:
SF:middleware\checkLoginValid.js
FN:2,(anonymous_0)
FNF:1
FNH:1
FNDA:1,(anonymous_0)
DA:2,1
DA:3,1
DA:4,1
DA:5,0
DA:8,1
DA:9,1
DA:12,0
LF:7
LH:5
BRDA:4,0,0,0
BRDA:4,0,1,1
BRF:2
BRH:1
end_of_record
TN:
SF:middleware\checkQueryValid.js
FN:2,(anonymous_0)
FNF:1
FNH:1
FNDA:3,(anonymous_0)
DA:2,1
DA:3,3
DA:4,3
DA:5,2
DA:8,1
DA:9,1
DA:12,0
LF:7
LH:6
BRDA:4,0,0,2
BRDA:4,0,1,1
BRF:2
BRH:2
end_of_record
TN:
SF:middleware\checkSignUpValid.js
FN:2,(anonymous_0)
FNF:1
FNH:1
FNDA:1,(anonymous_0)
DA:2,1
DA:3,1
DA:4,1
DA:5,0
DA:8,1
DA:9,1
DA:12,0
LF:7
LH:5
BRDA:4,0,0,0
BRDA:4,0,1,1
BRF:2
BRH:1
end_of_record
TN:
SF:model\Blog.js
FNF:0
FNH:0
DA:2,1
DA:14,1
LF:2
LH:2
BRF:0
BRH:0
end_of_record
TN:
SF:model\comment.js
FNF:0
FNH:0
DA:2,1
DA:14,1
LF:2
LH:2
BRF:0
BRH:0
end_of_record
TN:
SF:model\contactQuery.js
FNF:0
FNH:0
DA:2,1
DA:11,1
LF:2
LH:2
BRF:0
BRH:0
end_of_record
TN:
SF:model\likes.js
FNF:0
FNH:0
DA:2,1
DA:11,1
LF:2
LH:2
BRF:0
BRH:0
end_of_record
TN:
SF:model\login.js
FNF:0
FNH:0
DA:2,1
DA:9,1
LF:2
LH:2
BRF:0
BRH:0
end_of_record
TN:
SF:model\signUp.js
FNF:0
FNH:0
DA:2,1
DA:13,1
LF:2
LH:2
BRF:0
BRH:0
end_of_record
TN:
SF:routes\routes.js
FN:34,findBlogs
FN:38,createBlog
FN:55,findBlog
FN:66,updateBlog
FN:77,deleteBlog
FN:89,sendQuery
FN:95,readQuery
FN:100,deleteQuery
FN:111,loginMssg
FN:137,signUpMssg
FN:159,commentDisplay
FN:167,(anonymous_11)
FN:217,(anonymous_12)
FN:229,findComments
FN:234,likesDisplay
FN:243,(anonymous_15)
FN:255,(anonymous_16)
FN:299,(anonymous_17)
FN:307,(anonymous_18)
FNF:19
FNH:12
FNDA:1,findBlogs
FNDA:0,createBlog
FNDA:2,findBlog
FNDA:0,updateBlog
FNDA:0,deleteBlog
FNDA:1,sendQuery
FNDA:1,readQuery
FNDA:1,deleteQuery
FNDA:1,loginMssg
FNDA:1,signUpMssg
FNDA:2,commentDisplay
FNDA:1,(anonymous_11)
FNDA:0,(anonymous_12)
FNDA:0,findComments
FNDA:1,likesDisplay
FNDA:1,(anonymous_15)
FNDA:1,(anonymous_16)
FNDA:0,(anonymous_17)
FNDA:0,(anonymous_18)
DA:2,1
DA:9,1
DA:18,1
DA:25,1
DA:31,1
DA:35,1
DA:36,1
DA:39,0
DA:45,0
DA:46,0
DA:57,2
DA:58,2
DA:59,1
DA:61,1
DA:67,0
DA:68,0
DA:69,0
DA:70,0
DA:71,0
DA:74,0
DA:78,0
DA:79,0
DA:80,0
DA:81,0
DA:84,0
DA:91,1
DA:92,1
DA:93,1
DA:96,1
DA:97,1
DA:101,1
DA:102,1
DA:103,1
DA:104,0
DA:107,1
DA:113,1
DA:115,1
DA:117,1
DA:118,1
DA:119,1
DA:125,1
DA:126,1
DA:127,1
DA:128,1
DA:129,1
DA:132,0
DA:138,1
DA:139,1
DA:140,0
DA:141,0
DA:144,0
DA:149,0
DA:150,0
DA:151,0
DA:154,0
DA:160,2
DA:161,2
DA:162,1
DA:167,1
DA:168,1
DA:169,0
DA:175,1
DA:186,1
DA:194,1
DA:196,1
DA:203,1
DA:209,0
DA:218,0
DA:230,0
DA:231,0
DA:235,1
DA:236,1
DA:237,0
DA:243,1
DA:244,1
DA:245,0
DA:250,1
DA:252,1
DA:256,1
DA:257,1
DA:258,1
DA:262,1
DA:263,1
DA:268,1
DA:275,0
DA:279,0
DA:285,0
DA:293,0
DA:300,0
DA:308,0
LF:90
LH:54
BRDA:115,0,0,0
BRDA:115,0,1,1
BRDA:118,1,0,0
BRDA:118,1,1,1
BRDA:139,2,0,1
BRDA:139,2,1,0
BRDA:161,3,0,1
BRDA:161,3,1,1
BRDA:168,4,0,0
BRDA:168,4,1,1
BRDA:236,5,0,0
BRDA:236,5,1,1
BRDA:244,6,0,0
BRDA:244,6,1,1
BRDA:257,7,0,1
BRDA:257,7,1,0
BRF:16
BRH:9
end_of_record
TN:
SF:validation\QueryValidation.js
FN:3,(anonymous_0)
FNF:1
FNH:1
FNDA:3,(anonymous_0)
DA:3,3
DA:5,1
LF:2
LH:2
BRF:0
BRH:0
end_of_record
TN:
SF:validation\blogValidation.js
FN:11,(anonymous_0)
FNF:1
FNH:0
FNDA:0,(anonymous_0)
DA:5,1
DA:11,1
LF:2
LH:2
BRF:0
BRH:0
end_of_record
TN:
SF:validation\commentValidation.js
FN:3,(anonymous_0)
FNF:1
FNH:1
FNDA:3,(anonymous_0)
DA:3,3
DA:5,1
LF:2
LH:2
BRF:0
BRH:0
end_of_record
TN:
SF:validation\loginValidation.js
FN:10,(anonymous_0)
FNF:1
FNH:1
FNDA:1,(anonymous_0)
DA:5,1
DA:10,1
LF:2
LH:2
BRF:0
BRH:0
end_of_record
TN:
SF:validation\signUpValidation.js
FN:12,(anonymous_0)
FNF:1
FNH:1
FNDA:1,(anonymous_0)
DA:5,1
DA:12,1
LF:2
LH:2
BRF:0
BRH:0
end_of_record
